<?xml version="1.0" encoding="UTF-8"?>
<!-- Generated by org.testng.reporters.JUnitReportReporter -->
<testsuite skipped="0" hostname="Vidya" name="test.DemoC" tests="1" failures="0" timestamp="10 Sep 2017 06:55:47 GMT" time="48.774" errors="0">
  <testcase name="testC" time="48.774" classname="test.DemoC"/>
</testsuite> <!-- test.DemoC -->
