<?xml version="1.0" encoding="UTF-8"?>
<!-- Generated by org.testng.reporters.JUnitReportReporter -->
<testsuite name="qspiders.DemoA" tests="1" time="0.010" ignored="0" failures="0" timestamp="13 Mar 2017 11:01:50 GMT" skipped="0" hostname="Vidya" errors="0">
  <testcase name="testA" time="0.010" classname="qspiders.DemoA"/>
</testsuite> <!-- qspiders.DemoA -->
