<?xml version="1.0" encoding="UTF-8"?>
<!-- Generated by org.testng.reporters.JUnitReportReporter -->
<testsuite skipped="0" hostname="Vidya" name="test.DemoA" tests="3" failures="0" timestamp="10 Sep 2017 06:55:47 GMT" time="0.021" errors="0">
  <testcase name="registerUser" time="0.005" classname="test.DemoA"/>
  <testcase name="registerUser" time="0.004" classname="test.DemoA"/>
  <testcase name="deleteAllUser" time="0.012" classname="test.DemoA"/>
</testsuite> <!-- test.DemoA -->
